1561101161798	mozrunner::runner	INFO	Running command: "C:\\Program Files\\Mozilla Firefox\\firefox.exe" "-marionette" "-foreground" "-no-remote" "-profile" "C:\\Users\\Rain\\AppData\\Local\\Temp\\rust_mozprofile.mNATq4R3zrFG"
1561101162780	addons.webextension.screenshots@mozilla.org	WARN	Loading extension 'screenshots@mozilla.org': Reading manifest: Invalid extension permission: mozillaAddons
1561101162780	addons.webextension.screenshots@mozilla.org	WARN	Loading extension 'screenshots@mozilla.org': Reading manifest: Invalid extension permission: resource://pdf.js/
1561101162780	addons.webextension.screenshots@mozilla.org	WARN	Loading extension 'screenshots@mozilla.org': Reading manifest: Invalid extension permission: about:reader*
1561101171039	Marionette	INFO	Listening on port 54291
1561101171458	Marionette	WARN	TLS certificate errors will be ignored for this session
[Child 19400, Chrome_ChildThread] WARNING: pipe error: 109: file z:/task_1560820494/build/src/ipc/chromium/src/chrome/common/ipc_channel_win.cc, line 341
[Child 194JavaScript warning: https://n.sinaimg.cn/index/js/shms2.js?v=20180614, line 289: unreachable code after return statement
console.error: BroadcastService: 
  receivedBroadcastMessage: handler for
  remote-settings/monitor_changes
  threw error:
  Message: Error: Polling for changes failed: http://%(server)s/dummy/blocklist//buckets/monitor/collections/changes/records?_expected=%221561074211915%22 is not a valid URL..
  Stack:
    remoteSettingsFunction/remoteSettings.pollChanges@resource://services-settings/remote-settings.js:203:13

1561101244805	Marionette	INFO	Stopped listening on port 54291
[Child 11924, Chrome_ChildThread] WARNING: pipe error: 109: file z:/task_1560820494/build/src/ipc/chromium/src/chrome/common/ipc_channel_win.cc, line 341
[Child 11924, C[Child 7996, Chrome_ChildThread] WARNING: pipe error: 232: file z:/task_1560820494/build/src/ipc/chromium/src/chrome/common/ipc_channel_win.cc, line 502

###!!! [Child][RunMessage] Error: Channel error: cannot send/recv

[C
###!!! [Child][RunMessage] Error: Channel error: cannot send/recv

hil
###!!! [Child][RunMessage] Error: Channel error: cannot send/recv

d 7996, Chrome_ChildThread] WARNING: [Parent 18876, Gecko_IOThread] WARNING: pipe error: 109: file z:/task_1560820494/build/src/ipc/chromium/src/chrome/common/ipc_channel_win.cc, line 341
[Child 11340, Chrome_ChildThread] WARNING: pipe error: 109: file z:/task_1560820494/build/src/ipc/chromium/src/chrome/common/ipc_channel_win.cc, line 341
[Child 11340, Chr[GPU 
###!!! [Child][RunMessage] Error: Channel closing: too late to send/recv, messages will be lost


###!!! [Child][MessageChannel::SendAndWait] Error: Channel error: cannot send/recv

libpng warning: iCCP: known incorrect sRGB profile
libpng warning: iCCP: known incorrect sRGB profile
libpng warning: iCCP: known incorrect sRGB profile
libpng warning: iCCP: known incorrect sRGB profile
libpng warning: iCCP: cHRM chunk does not match sRGB
1561101512333	mozrunner::runner	INFO	Running command: "C:\\Program Files\\Mozilla Firefox\\firefox.exe" "-marionette" "-foreground" "-no-remote" "-profile" "C:\\Users\\Rain\\AppData\\Local\\Temp\\rust_mozprofile.jidAIx5hpujd"
1561101513312	addons.webextension.screenshots@mozilla.org	WARN	Loading extension 'screenshots@mozilla.org': Reading manifest: Invalid extension permission: mozillaAddons
1561101513312	addons.webextension.screenshots@mozilla.org	WARN	Loading extension 'screenshots@mozilla.org': Reading manifest: Invalid extension permission: resource://pdf.js/
1561101513312	addons.webextension.screenshots@mozilla.org	WARN	Loading extension 'screenshots@mozilla.org': Reading manifest: Invalid extension permission: about:reader*
1561101516744	Marionette	INFO	Listening on port 54827
1561101516845	Marionette	WARN	TLS certificate errors will be ignored for this session
1561101521290	Marionette	INFO	Stopped listening on port 54827
[Parent 7528, Gecko_IOThread] WARNING: pipe error: 109: file z:/task_1560820494/build/src/ipc/chromium/src/chrome/common/ipc_channel_win.cc, line 341
[Child 1332, Chrome_ChildThread] WARNING: pipe error: 109: file z:/task_1560820494/build/src/ipc/chromium/src/chrome/common/ipc_channel_win.cc, line 341
[Child 1332, Ch[Parent 7528, Gecko_IOThread] WARNING: pipe error: 109: file z:/task_1560820494/build/src/ipc/chromium/src/chrome/common/ipc_channel_win.cc, line 341
[Child 11856, Chrome_ChildThread] WARNING: pipe error: 109: file z:/task_1560820494/build/src/ipc/chromium/src/chrome/common/ipc_channel_win.cc, line 341
[Child 11856, Chrome[Parent 7528, Gecko_IOThread] WARNING: pipe error: 109: file z:/task_1560820494/build/src/ipc/chromium/src/chrome/common/ipc_channel_win.cc, line 341
[Child 16108, Chrome_ChildThread] WARNING: pipe error: 109: file z:/task_1560820494/build/src/ipc/chromium/src/chrome/common/ipc_channel_win.cc, line 341
[Child 16108, [GPU 
###!!! [Child][RunMessage] Error: Channel closing: too late to send/recv, messages will be lost

332
###!!! [Child][MessageChannel::SendAndWait] Error: Channel error: cannot send/recv

1561121926483	mozrunner::runner	INFO	Running command: "C:\\Program Files\\Mozilla Firefox\\firefox.exe" "-marionette" "-foreground" "-no-remote" "-profile" "C:\\Users\\Rain\\AppData\\Local\\Temp\\rust_mozprofile.11m5rDHSPFBq"
1561121927365	addons.webextension.screenshots@mozilla.org	WARN	Loading extension 'screenshots@mozilla.org': Reading manifest: Invalid extension permission: mozillaAddons
1561121927365	addons.webextension.screenshots@mozilla.org	WARN	Loading extension 'screenshots@mozilla.org': Reading manifest: Invalid extension permission: resource://pdf.js/
1561121927365	addons.webextension.screenshots@mozilla.org	WARN	Loading extension 'screenshots@mozilla.org': Reading manifest: Invalid extension permission: about:reader*
1561121930281	Marionette	INFO	Listening on port 51292
1561121930517	Marionette	WARN	TLS certificate errors will be ignored for this session
[Child 5132, Chrome_ChildThread] WARNING: pipe error: 109: file z:/task_1560988636/build/src/ipc/chromium/src/chrome/common/ipc_channel_win.cc, line 341
[Child 5132, Chrome_Cconsole.error: BroadcastService: 
  receivedBroadcastMessage: handler for
  remote-settings/monitor_changes
  threw error:
  Message: Error: Polling for changes failed: http://%(server)s/dummy/blocklist//buckets/monitor/collections/changes/records?_expected=%221561074211915%22 is not a valid URL..
  Stack:
    remoteSettingsFunction/remoteSettings.pollChanges@resource://services-settings/remote-settings.js:203:13

[Parent 8040, Gecko_IOThread] WARNING: pipe error: 109: file z:/task_1560988636/build/src/ipc/chromium/src/chrome/common/ipc_channel_win.cc, line 341
[Parent 8040, Gecko_IOThread] WARNING: pipe error: 109: file z:/task_1560988636/build/src/ipc/chromium/src/chrome/common/ipc_channel_win.cc, line 341
[Child 20896, Chrome_ChildThread] WARNING: pipe error: 109: file z:/task_1560988636/build/src/ipc/chromium/src/chrome/common/i[Child 19104, Chpc_channel_winrome_Ch.cc, lildinThread] WARNe IN34G:1
 pipe error: 109: file[ z:/task_1560988636/build/src/ipc/chromium/src/chrome/common/ipc_channel_win.cc, line 341
[Child 19[Parent 8040, Gecko_IOThread] WARNING: pipe error: 109: file z:/task_1560988636/build/src/ipc/chromium/src/chrome/common/ipc_channel_win.cc, line 341
[Child 15484, Chrome_ChildThread] WARNING: pipe error: 109: file z:/task_1560988636/build/src/ipc/chromium/src/chrome/common/ipc_channel_win.cc, line 341
[Child 15484, Chrom1561122708209	Marionette	INFO	Stopped listening on port 51292

###!!! [Child][RunMessage] Error: Channel closing: too late to send/recv, messages will be lost

[GPU 1252